<?xml version="1.0" encoding="UTF-8"?>
<!-- Generated by org.testng.reporters.JUnitXMLReporter -->
<testsuite hostname="Sam-PC" ignored="0" name="Login/Contact" tests="13" failures="1" timestamp="13 Dec 2020 06:01:22 GMT" time="139.425" errors="0">
  <testcase name="loginTest" time="12.983" classname="com.crm.qa.testcases.LoginPageTest"/>
  <testcase name="verifyHomePageTitleTest" time="0.011" classname="com.crm.qa.testcases.HomePageTest"/>
  <testcase name="verifyContactPageLabel" time="1.401" classname="com.crm.qa.testcases.ContactsPageTest"/>
  <testcase name="signupbtnTest" time="0.096" classname="com.crm.qa.testcases.LoginPageTest"/>
  <testcase name="verifyUsernameTest" time="0.131" classname="com.crm.qa.testcases.HomePageTest"/>
  <testcase name="verifycontactcheckbox" time="6.337" classname="com.crm.qa.testcases.ContactsPageTest"/>
  <testcase name="loginPageTitleTest" time="0.016" classname="com.crm.qa.testcases.LoginPageTest"/>
  <testcase name="verifyContactslinksTest" time="1.369" classname="com.crm.qa.testcases.HomePageTest"/>
  <testcase name="validateCreateNewContact" time="4.071" classname="com.crm.qa.testcases.ContactsPageTest"/>
  <testcase name="validateCreateNewContact" time="4.306" classname="com.crm.qa.testcases.ContactsPageTest"/>
  <testcase name="validateCreateNewContact" time="4.081" classname="com.crm.qa.testcases.ContactsPageTest"/>
  <testcase name="crmlogoTest" time="0.141" classname="com.crm.qa.testcases.LoginPageTest"/>
  <testcase name="loginPagewrongTitleTest" time="0.046" classname="com.crm.qa.testcases.LoginPageTest">
    <failure type="org.junit.ComparisonFailure" message="expected:&amp;lt;[CRMPRO - CRM software for customer relationship management, sales, and support.]&amp;gt; but was:&amp;lt;[I want this test case to fail]&amp;gt;">
      <![CDATA[org.junit.ComparisonFailure: expected:<[CRMPRO - CRM software for customer relationship management, sales, and support.]> but was:<[I want this test case to fail]>
	at org.junit.Assert.assertEquals(Assert.java:115)
	at org.junit.Assert.assertEquals(Assert.java:144)
	at com.crm.qa.testcases.LoginPageTest.loginPagewrongTitleTest(LoginPageTest.java:40)
... Removed 25 stack frames]]>
    </failure>
  </testcase> <!-- loginPagewrongTitleTest -->
</testsuite> <!-- Login/Contact -->
