<?xml version="1.0" encoding="UTF-8"?>
<!-- Generated by org.testng.reporters.JUnitXMLReporter -->
<testsuite hostname="Sam-PC" ignored="0" name="Surefire test" tests="13" failures="1" timestamp="18 May 2021 01:30:33 GMT" time="142.091" errors="0">
  <testcase name="verifyContactPageLabel" time="0.757" classname="com.crm.qa.testcases.ContactsPageTest"/>
  <testcase name="verifyHomePageTitleTest" time="0.008" classname="com.crm.qa.testcases.HomePageTest"/>
  <testcase name="loginTest" time="13.976" classname="com.crm.qa.testcases.LoginPageTest"/>
  <testcase name="verifycontactcheckbox" time="6.35" classname="com.crm.qa.testcases.ContactsPageTest"/>
  <testcase name="verifyUsernameTest" time="0.073" classname="com.crm.qa.testcases.HomePageTest"/>
  <testcase name="signupbtnTest" time="0.092" classname="com.crm.qa.testcases.LoginPageTest"/>
  <testcase name="validateCreateNewContact" time="2.372" classname="com.crm.qa.testcases.ContactsPageTest"/>
  <testcase name="validateCreateNewContact" time="1.821" classname="com.crm.qa.testcases.ContactsPageTest"/>
  <testcase name="validateCreateNewContact" time="2.53" classname="com.crm.qa.testcases.ContactsPageTest"/>
  <testcase name="verifyContactslinksTest" time="0.571" classname="com.crm.qa.testcases.HomePageTest"/>
  <testcase name="loginPageTitleTest" time="0.008" classname="com.crm.qa.testcases.LoginPageTest"/>
  <testcase name="crmlogoTest" time="0.04" classname="com.crm.qa.testcases.LoginPageTest"/>
  <testcase name="loginPagewrongTitleTest" time="0.026" classname="com.crm.qa.testcases.LoginPageTest">
    <failure type="org.junit.ComparisonFailure" message="expected:&amp;lt;[CRMPRO - CRM software for customer relationship management, sales, and support.]&amp;gt; but was:&amp;lt;[I want this test case to fail]&amp;gt;">
      <![CDATA[org.junit.ComparisonFailure: expected:<[CRMPRO - CRM software for customer relationship management, sales, and support.]> but was:<[I want this test case to fail]>
	at org.junit.Assert.assertEquals(Assert.java:115)
	at org.junit.Assert.assertEquals(Assert.java:144)
	at com.crm.qa.testcases.LoginPageTest.loginPagewrongTitleTest(LoginPageTest.java:40)
... Removed 30 stack frames]]>
    </failure>
  </testcase> <!-- loginPagewrongTitleTest -->
</testsuite> <!-- Surefire test -->
