<?xml version="1.0" encoding="UTF-8"?>
<!-- Generated by org.testng.reporters.JUnitXMLReporter -->
<testsuite hostname="Sam-PC" ignored="0" name="Surefire test" tests="13" failures="1" timestamp="16 Dec 2020 02:32:07 GMT" time="146.49" errors="0">
  <testcase name="verifyContactPageLabel" time="2.238" classname="com.crm.qa.testcases.ContactsPageTest"/>
  <testcase name="verifyHomePageTitleTest" time="0.008" classname="com.crm.qa.testcases.HomePageTest"/>
  <testcase name="loginTest" time="13.37" classname="com.crm.qa.testcases.LoginPageTest"/>
  <testcase name="verifycontactcheckbox" time="6.297" classname="com.crm.qa.testcases.ContactsPageTest"/>
  <testcase name="verifyUsernameTest" time="0.081" classname="com.crm.qa.testcases.HomePageTest"/>
  <testcase name="signupbtnTest" time="0.09" classname="com.crm.qa.testcases.LoginPageTest"/>
  <testcase name="validateCreateNewContact" time="5.94" classname="com.crm.qa.testcases.ContactsPageTest"/>
  <testcase name="validateCreateNewContact" time="3.109" classname="com.crm.qa.testcases.ContactsPageTest"/>
  <testcase name="validateCreateNewContact" time="3.333" classname="com.crm.qa.testcases.ContactsPageTest"/>
  <testcase name="verifyContactslinksTest" time="1.15" classname="com.crm.qa.testcases.HomePageTest"/>
  <testcase name="loginPageTitleTest" time="0.053" classname="com.crm.qa.testcases.LoginPageTest"/>
  <testcase name="crmlogoTest" time="0.114" classname="com.crm.qa.testcases.LoginPageTest"/>
  <testcase name="loginPagewrongTitleTest" time="0.005" classname="com.crm.qa.testcases.LoginPageTest">
    <failure type="org.junit.ComparisonFailure" message="expected:&amp;lt;[CRMPRO - CRM software for customer relationship management, sales, and support.]&amp;gt; but was:&amp;lt;[I want this test case to fail]&amp;gt;">
      <![CDATA[org.junit.ComparisonFailure: expected:<[CRMPRO - CRM software for customer relationship management, sales, and support.]> but was:<[I want this test case to fail]>
	at org.junit.Assert.assertEquals(Assert.java:115)
	at org.junit.Assert.assertEquals(Assert.java:144)
	at com.crm.qa.testcases.LoginPageTest.loginPagewrongTitleTest(LoginPageTest.java:40)
... Removed 30 stack frames]]>
    </failure>
  </testcase> <!-- loginPagewrongTitleTest -->
</testsuite> <!-- Surefire test -->
