-------------------------------------------------------------------------------
Test set: TestSuite
-------------------------------------------------------------------------------
Tests run: 13, Failures: 1, Errors: 0, Skipped: 0, Time elapsed: 146.91 s <<< FAILURE! - in TestSuite
loginPagewrongTitleTest(com.crm.qa.testcases.LoginPageTest)  Time elapsed: 0.056 s  <<< FAILURE!
org.junit.ComparisonFailure: expected:<[CRMPRO - CRM software for customer relationship management, sales, and support.]> but was:<[I want this test case to fail]>
	at com.crm.qa.testcases.LoginPageTest.loginPagewrongTitleTest(LoginPageTest.java:40)

