<?xml version="1.0" encoding="UTF-8"?>
<testsuite xmlns:xsi="http://www.w3.org/2001/XMLSchema-instance" xsi:noNamespaceSchemaLocation="https://maven.apache.org/surefire/maven-surefire-plugin/xsd/surefire-test-report.xsd" name="TestSuite" time="146.91" tests="13" errors="0" skipped="0" failures="1">
  <properties>
[...]
</properties>
  <testcase name="verifyContactPageLabel" classname="com.crm.qa.testcases.ContactsPageTest" time="2.236"/>
  <testcase name="verifyHomePageTitleTest" classname="com.crm.qa.testcases.HomePageTest" time="0.009"/>
  <testcase name="loginTest" classname="com.crm.qa.testcases.LoginPageTest" time="13.368"/>
  <testcase name="verifycontactcheckbox" classname="com.crm.qa.testcases.ContactsPageTest" time="6.297"/>
  <testcase name="verifyUsernameTest" classname="com.crm.qa.testcases.HomePageTest" time="0.078"/>
  <testcase name="signupbtnTest" classname="com.crm.qa.testcases.LoginPageTest" time="0.089"/>
  <testcase name="validateCreateNewContact" classname="com.crm.qa.testcases.ContactsPageTest" time="5.941"/>
  <testcase name="validateCreateNewContact" classname="com.crm.qa.testcases.ContactsPageTest" time="3.11"/>
  <testcase name="validateCreateNewContact" classname="com.crm.qa.testcases.ContactsPageTest" time="3.333"/>
  <testcase name="verifyContactslinksTest" classname="com.crm.qa.testcases.HomePageTest" time="1.147"/>
  <testcase name="loginPageTitleTest" classname="com.crm.qa.testcases.LoginPageTest" time="0.052"/>
  <testcase name="crmlogoTest" classname="com.crm.qa.testcases.LoginPageTest" time="0.113"/>
  <testcase name="loginPagewrongTitleTest" classname="com.crm.qa.testcases.LoginPageTest" time="0.056">
    <failure message="expected:&lt;[CRMPRO - CRM software for customer relationship management, sales, and support.]&gt; but was:&lt;[I want this test case to fail]&gt;" type="org.junit.ComparisonFailure"><![CDATA[org.junit.ComparisonFailure: expected:<[CRMPRO - CRM software for customer relationship management, sales, and support.]> but was:<[I want this test case to fail]>
	at com.crm.qa.testcases.LoginPageTest.loginPagewrongTitleTest(LoginPageTest.java:40)
]]></failure>
    <system-out><![CDATA[Before navigating to: 'https://classic.crmpro.com/'
Navigated to:'https://classic.crmpro.com/'
CRMPRO - CRM software for customer relationship management, sales, and support.
]]></system-out>
    <system-err><![CDATA[Starting ChromeDriver 87.0.4280.88 (89e2380a3e36c3464b5dd1302349b1382549290d-refs/branch-heads/4280@{#1761}) on port 7898
Only local connections are allowed.
Please see https://chromedriver.chromium.org/security-considerations for suggestions on keeping ChromeDriver safe.
ChromeDriver was started successfully.
Dec 15, 2020 9:32:04 PM org.openqa.selenium.remote.ProtocolHandshake createSession
INFO: Detected dialect: W3C
]]></system-err>
  </testcase>
</testsuite>