<?xml version="1.0" encoding="UTF-8"?>
<testng-results skipped="0" failed="1" ignored="0" total="5" passed="4">
  <reporter-output>
  </reporter-output>
  <suite name="Default suite" duration-ms="41582" started-at="2021-05-18T01:26:51Z" finished-at="2021-05-18T01:27:32Z">
    <groups>
    </groups>
    <test name="Default test" duration-ms="41582" started-at="2021-05-18T01:26:51Z" finished-at="2021-05-18T01:27:32Z">
      <class name="com.crm.qa.testcases.LoginPageTest">
        <test-method status="PASS" signature="setUp()[pri:0, instance:com.crm.qa.testcases.LoginPageTest@5c3bd550]" name="setUp" is-config="true" duration-ms="6237" started-at="2021-05-17T21:26:51Z" finished-at="2021-05-17T21:26:57Z">
          <reporter-output>
          </reporter-output>
        </test-method> <!-- setUp -->
        <test-method status="PASS" signature="loginTest()[pri:1, instance:com.crm.qa.testcases.LoginPageTest@5c3bd550]" name="loginTest" duration-ms="14057" started-at="2021-05-17T21:26:57Z" finished-at="2021-05-17T21:27:11Z">
          <reporter-output>
          </reporter-output>
        </test-method> <!-- loginTest -->
        <test-method status="PASS" signature="tearDown()[pri:0, instance:com.crm.qa.testcases.LoginPageTest@5c3bd550]" name="tearDown" is-config="true" duration-ms="604" started-at="2021-05-17T21:27:11Z" finished-at="2021-05-17T21:27:12Z">
          <reporter-output>
          </reporter-output>
        </test-method> <!-- tearDown -->
        <test-method status="PASS" signature="setUp()[pri:0, instance:com.crm.qa.testcases.LoginPageTest@5c3bd550]" name="setUp" is-config="true" duration-ms="4237" started-at="2021-05-17T21:27:12Z" finished-at="2021-05-17T21:27:16Z">
          <reporter-output>
          </reporter-output>
        </test-method> <!-- setUp -->
        <test-method status="PASS" signature="signupbtnTest()[pri:2, instance:com.crm.qa.testcases.LoginPageTest@5c3bd550]" name="signupbtnTest" duration-ms="147" started-at="2021-05-17T21:27:16Z" finished-at="2021-05-17T21:27:16Z">
          <reporter-output>
          </reporter-output>
        </test-method> <!-- signupbtnTest -->
        <test-method status="PASS" signature="tearDown()[pri:0, instance:com.crm.qa.testcases.LoginPageTest@5c3bd550]" name="tearDown" is-config="true" duration-ms="578" started-at="2021-05-17T21:27:16Z" finished-at="2021-05-17T21:27:17Z">
          <reporter-output>
          </reporter-output>
        </test-method> <!-- tearDown -->
        <test-method status="PASS" signature="setUp()[pri:0, instance:com.crm.qa.testcases.LoginPageTest@5c3bd550]" name="setUp" is-config="true" duration-ms="4486" started-at="2021-05-17T21:27:17Z" finished-at="2021-05-17T21:27:21Z">
          <reporter-output>
          </reporter-output>
        </test-method> <!-- setUp -->
        <test-method status="PASS" signature="loginPageTitleTest()[pri:3, instance:com.crm.qa.testcases.LoginPageTest@5c3bd550]" name="loginPageTitleTest" duration-ms="68" started-at="2021-05-17T21:27:21Z" finished-at="2021-05-17T21:27:21Z">
          <reporter-output>
          </reporter-output>
        </test-method> <!-- loginPageTitleTest -->
        <test-method status="PASS" signature="tearDown()[pri:0, instance:com.crm.qa.testcases.LoginPageTest@5c3bd550]" name="tearDown" is-config="true" duration-ms="583" started-at="2021-05-17T21:27:21Z" finished-at="2021-05-17T21:27:22Z">
          <reporter-output>
          </reporter-output>
        </test-method> <!-- tearDown -->
        <test-method status="PASS" signature="setUp()[pri:0, instance:com.crm.qa.testcases.LoginPageTest@5c3bd550]" name="setUp" is-config="true" duration-ms="4661" started-at="2021-05-17T21:27:22Z" finished-at="2021-05-17T21:27:27Z">
          <reporter-output>
          </reporter-output>
        </test-method> <!-- setUp -->
        <test-method status="PASS" signature="crmlogoTest()[pri:4, instance:com.crm.qa.testcases.LoginPageTest@5c3bd550]" name="crmlogoTest" duration-ms="118" started-at="2021-05-17T21:27:27Z" finished-at="2021-05-17T21:27:27Z">
          <reporter-output>
          </reporter-output>
        </test-method> <!-- crmlogoTest -->
        <test-method status="PASS" signature="tearDown()[pri:0, instance:com.crm.qa.testcases.LoginPageTest@5c3bd550]" name="tearDown" is-config="true" duration-ms="582" started-at="2021-05-17T21:27:27Z" finished-at="2021-05-17T21:27:27Z">
          <reporter-output>
          </reporter-output>
        </test-method> <!-- tearDown -->
        <test-method status="PASS" signature="setUp()[pri:0, instance:com.crm.qa.testcases.LoginPageTest@5c3bd550]" name="setUp" is-config="true" duration-ms="4552" started-at="2021-05-17T21:27:27Z" finished-at="2021-05-17T21:27:32Z">
          <reporter-output>
          </reporter-output>
        </test-method> <!-- setUp -->
        <test-method status="FAIL" signature="loginPagewrongTitleTest()[pri:5, instance:com.crm.qa.testcases.LoginPageTest@5c3bd550]" name="loginPagewrongTitleTest" duration-ms="64" started-at="2021-05-17T21:27:32Z" finished-at="2021-05-17T21:27:32Z">
          <exception class="org.junit.ComparisonFailure">
            <message>
              <![CDATA[expected:<[CRMPRO - CRM software for customer relationship management, sales, and support.]> but was:<[I want this test case to fail]>]]>
            </message>
            <full-stacktrace>
              <![CDATA[org.junit.ComparisonFailure: expected:<[CRMPRO - CRM software for customer relationship management, sales, and support.]> but was:<[I want this test case to fail]>
	at org.junit.Assert.assertEquals(Assert.java:115)
	at org.junit.Assert.assertEquals(Assert.java:144)
	at com.crm.qa.testcases.LoginPageTest.loginPagewrongTitleTest(LoginPageTest.java:40)
	at sun.reflect.NativeMethodAccessorImpl.invoke0(Native Method)
	at sun.reflect.NativeMethodAccessorImpl.invoke(Unknown Source)
	at sun.reflect.DelegatingMethodAccessorImpl.invoke(Unknown Source)
	at java.lang.reflect.Method.invoke(Unknown Source)
	at org.testng.internal.MethodInvocationHelper.invokeMethod(MethodInvocationHelper.java:108)
	at org.testng.internal.Invoker.invokeMethod(Invoker.java:661)
	at org.testng.internal.Invoker.invokeTestMethod(Invoker.java:869)
	at org.testng.internal.Invoker.invokeTestMethods(Invoker.java:1193)
	at org.testng.internal.TestMethodWorker.invokeTestMethods(TestMethodWorker.java:126)
	at org.testng.internal.TestMethodWorker.run(TestMethodWorker.java:109)
	at org.testng.TestRunner.privateRun(TestRunner.java:744)
	at org.testng.TestRunner.run(TestRunner.java:602)
	at org.testng.SuiteRunner.runTest(SuiteRunner.java:380)
	at org.testng.SuiteRunner.runSequentially(SuiteRunner.java:375)
	at org.testng.SuiteRunner.privateRun(SuiteRunner.java:340)
	at org.testng.SuiteRunner.run(SuiteRunner.java:289)
	at org.testng.SuiteRunnerWorker.runSuite(SuiteRunnerWorker.java:52)
	at org.testng.SuiteRunnerWorker.run(SuiteRunnerWorker.java:86)
	at org.testng.TestNG.runSuitesSequentially(TestNG.java:1301)
	at org.testng.TestNG.runSuitesLocally(TestNG.java:1226)
	at org.testng.TestNG.runSuites(TestNG.java:1144)
	at org.testng.TestNG.run(TestNG.java:1115)
	at org.testng.remote.AbstractRemoteTestNG.run(AbstractRemoteTestNG.java:115)
	at org.testng.remote.RemoteTestNG.initAndRun(RemoteTestNG.java:251)
	at org.testng.remote.RemoteTestNG.main(RemoteTestNG.java:77)
]]>
            </full-stacktrace>
          </exception> <!-- org.junit.ComparisonFailure -->
          <reporter-output>
          </reporter-output>
        </test-method> <!-- loginPagewrongTitleTest -->
        <test-method status="PASS" signature="tearDown()[pri:0, instance:com.crm.qa.testcases.LoginPageTest@5c3bd550]" name="tearDown" is-config="true" duration-ms="576" started-at="2021-05-17T21:27:32Z" finished-at="2021-05-17T21:27:32Z">
          <reporter-output>
          </reporter-output>
        </test-method> <!-- tearDown -->
      </class> <!-- com.crm.qa.testcases.LoginPageTest -->
    </test> <!-- Default test -->
  </suite> <!-- Default suite -->
</testng-results>
